c:\users\wilson\desktop\school\semester 6\adv programming\ica\inca1startpoint\snakevsproj\snake\x64\debug\snakeplugin.pch
c:\users\wilson\desktop\school\semester 6\adv programming\ica\inca1startpoint\snakevsproj\snake\x64\debug\vc142.pdb
c:\users\wilson\desktop\school\semester 6\adv programming\ica\inca1startpoint\snakevsproj\snake\x64\debug\vc142.idb
c:\users\wilson\desktop\school\semester 6\adv programming\ica\inca1startpoint\snakevsproj\snake\x64\debug\pch.obj
c:\users\wilson\desktop\school\semester 6\adv programming\ica\inca1startpoint\snakevsproj\snake\x64\debug\snakeapi.obj
c:\users\wilson\desktop\school\semester 6\adv programming\ica\inca1startpoint\snakevsproj\snake\x64\debug\snake.obj
c:\users\wilson\desktop\school\semester 6\adv programming\ica\inca1startpoint\snakevsproj\snake\x64\debug\intvector2.obj
c:\users\wilson\desktop\school\semester 6\adv programming\ica\inca1startpoint\snakevsproj\snake\x64\debug\dllmain.obj
c:\users\wilson\desktop\school\semester 6\adv programming\ica\inca1startpoint\snakevsproj\x64\debug\snakeplugin.ilk
c:\users\wilson\desktop\school\semester 6\adv programming\ica\inca1startpoint\snakevsproj\x64\debug\snakeplugin.dll
c:\users\wilson\desktop\school\semester 6\adv programming\ica\inca1startpoint\snakevsproj\x64\debug\snakeplugin.pdb
c:\users\wilson\desktop\school\semester 6\adv programming\ica\inca1startpoint\snakevsproj\x64\debug\snakeplugin.lib
c:\users\wilson\desktop\school\semester 6\adv programming\ica\inca1startpoint\snakevsproj\x64\debug\snakeplugin.exp
c:\users\wilson\desktop\school\semester 6\adv programming\ica\inca1startpoint\snakevsproj\snake\x64\debug\snakeplugin.tlog\cl.command.1.tlog
c:\users\wilson\desktop\school\semester 6\adv programming\ica\inca1startpoint\snakevsproj\snake\x64\debug\snakeplugin.tlog\cl.read.1.tlog
c:\users\wilson\desktop\school\semester 6\adv programming\ica\inca1startpoint\snakevsproj\snake\x64\debug\snakeplugin.tlog\cl.write.1.tlog
c:\users\wilson\desktop\school\semester 6\adv programming\ica\inca1startpoint\snakevsproj\snake\x64\debug\snakeplugin.tlog\link.command.1.tlog
c:\users\wilson\desktop\school\semester 6\adv programming\ica\inca1startpoint\snakevsproj\snake\x64\debug\snakeplugin.tlog\link.read.1.tlog
c:\users\wilson\desktop\school\semester 6\adv programming\ica\inca1startpoint\snakevsproj\snake\x64\debug\snakeplugin.tlog\link.write.1.tlog
c:\users\wilson\desktop\school\semester 6\adv programming\ica\inca1startpoint\snakevsproj\snake\x64\debug\snakeplugin.tlog\snakeplugin.write.1u.tlog
